\BOOKMARK [0][]{chapter*.1}{Preface}{}% 1
\BOOKMARK [-1][]{part.1}{I Background}{}% 2
\BOOKMARK [0][]{chapter.1}{1 Why do we learn statistics? }{part.1}% 3
\BOOKMARK [1][]{section.1.1}{1.1 On the psychology of statistics }{chapter.1}% 4
\BOOKMARK [2][-]{subsection.1.1.1}{1.1.1 The curse of belief bias}{section.1.1}% 5
\BOOKMARK [1][]{section.1.2}{1.2 The cautionary tale of Simpson's paradox}{chapter.1}% 6
\BOOKMARK [1][]{section.1.3}{1.3 Statistics in psychology}{chapter.1}% 7
\BOOKMARK [1][]{section.1.4}{1.4 Statistics in everyday life}{chapter.1}% 8
\BOOKMARK [1][]{section.1.5}{1.5 There's more to research methods than statistics}{chapter.1}% 9
\BOOKMARK [0][]{chapter.2}{2 A brief introduction to research design}{part.1}% 10
\BOOKMARK [1][]{section.2.1}{2.1 Introduction to psychological measurement }{chapter.2}% 11
\BOOKMARK [2][-]{subsection.2.1.1}{2.1.1 Some thoughts about psychological measurement}{section.2.1}% 12
\BOOKMARK [2][-]{subsection.2.1.2}{2.1.2 Operationalisation: defining your measurement}{section.2.1}% 13
\BOOKMARK [1][]{section.2.2}{2.2 Scales of measurement}{chapter.2}% 14
\BOOKMARK [2][-]{subsection.2.2.1}{2.2.1 Nominal scale}{section.2.2}% 15
\BOOKMARK [2][-]{subsection.2.2.2}{2.2.2 Ordinal scale}{section.2.2}% 16
\BOOKMARK [2][-]{subsection.2.2.3}{2.2.3 Interval scale}{section.2.2}% 17
\BOOKMARK [2][-]{subsection.2.2.4}{2.2.4 Ratio scale}{section.2.2}% 18
\BOOKMARK [2][-]{subsection.2.2.5}{2.2.5 Continuous versus discrete variables }{section.2.2}% 19
\BOOKMARK [2][-]{subsection.2.2.6}{2.2.6 Some complexities}{section.2.2}% 20
\BOOKMARK [1][]{section.2.3}{2.3 Assessing the reliability of a measurement }{chapter.2}% 21
\BOOKMARK [1][]{section.2.4}{2.4 The role of variables: predictors and outcomes }{chapter.2}% 22
\BOOKMARK [1][]{section.2.5}{2.5 Experimental and non-experimental research }{chapter.2}% 23
\BOOKMARK [2][-]{subsection.2.5.1}{2.5.1 Experimental research}{section.2.5}% 24
\BOOKMARK [2][-]{subsection.2.5.2}{2.5.2 Non-experimental research}{section.2.5}% 25
\BOOKMARK [1][]{section.2.6}{2.6 Assessing the validity of a study }{chapter.2}% 26
\BOOKMARK [2][-]{subsection.2.6.1}{2.6.1 Internal validity}{section.2.6}% 27
\BOOKMARK [2][-]{subsection.2.6.2}{2.6.2 External validity}{section.2.6}% 28
\BOOKMARK [2][-]{subsection.2.6.3}{2.6.3 Construct validity}{section.2.6}% 29
\BOOKMARK [2][-]{subsection.2.6.4}{2.6.4 Face validity}{section.2.6}% 30
\BOOKMARK [2][-]{subsection.2.6.5}{2.6.5 Ecological validity}{section.2.6}% 31
\BOOKMARK [1][]{section.2.7}{2.7 Confounds, artefacts and other threats to validity}{chapter.2}% 32
\BOOKMARK [2][-]{subsection.2.7.1}{2.7.1 History effects}{section.2.7}% 33
\BOOKMARK [2][-]{subsection.2.7.2}{2.7.2 Maturation effects}{section.2.7}% 34
\BOOKMARK [2][-]{subsection.2.7.3}{2.7.3 Repeated testing effects}{section.2.7}% 35
\BOOKMARK [2][-]{subsection.2.7.4}{2.7.4 Selection bias}{section.2.7}% 36
\BOOKMARK [2][-]{subsection.2.7.5}{2.7.5 Differential attrition}{section.2.7}% 37
\BOOKMARK [2][-]{subsection.2.7.6}{2.7.6 Non-response bias}{section.2.7}% 38
\BOOKMARK [2][-]{subsection.2.7.7}{2.7.7 Regression to the mean}{section.2.7}% 39
\BOOKMARK [2][-]{subsection.2.7.8}{2.7.8 Experimenter bias}{section.2.7}% 40
\BOOKMARK [2][-]{subsection.2.7.9}{2.7.9 Demand effects and reactivity}{section.2.7}% 41
\BOOKMARK [2][-]{subsection.2.7.10}{2.7.10 Placebo effects}{section.2.7}% 42
\BOOKMARK [2][-]{subsection.2.7.11}{2.7.11 Situation, measurement and sub-population effects}{section.2.7}% 43
\BOOKMARK [2][-]{subsection.2.7.12}{2.7.12 Fraud, deception and self-deception}{section.2.7}% 44
\BOOKMARK [1][]{section.2.8}{2.8 Summary}{chapter.2}% 45
\BOOKMARK [-1][]{part.2}{II An introduction to JASP}{}% 46
\BOOKMARK [0][]{chapter.3}{3 Getting started with JASP}{part.2}% 47
\BOOKMARK [1][]{section.3.1}{3.1 Installing JASP }{chapter.3}% 48
\BOOKMARK [2][-]{subsection.3.1.1}{3.1.1 Starting up JASP}{section.3.1}% 49
\BOOKMARK [1][]{section.3.2}{3.2 Analyses}{chapter.3}% 50
\BOOKMARK [1][]{section.3.3}{3.3 Loading data in JASP}{chapter.3}% 51
\BOOKMARK [2][-]{subsection.3.3.1}{3.3.1 Importing data from CSV files}{section.3.3}% 52
\BOOKMARK [1][]{section.3.4}{3.4 The spreadsheet}{chapter.3}% 53
\BOOKMARK [2][-]{subsection.3.4.1}{3.4.1 Variables}{section.3.4}% 54
\BOOKMARK [2][-]{subsection.3.4.2}{3.4.2 Computed variables}{section.3.4}% 55
\BOOKMARK [2][-]{subsection.3.4.3}{3.4.3 Copy and Paste}{section.3.4}% 56
\BOOKMARK [1][]{section.3.5}{3.5 Changing data from one measurement scale to another}{chapter.3}% 57
\BOOKMARK [1][]{section.3.6}{3.6 Quitting JASP }{chapter.3}% 58
\BOOKMARK [1][]{section.3.7}{3.7 Summary}{chapter.3}% 59
\BOOKMARK [-1][]{part.3}{III Working with data}{}% 60
\BOOKMARK [0][]{chapter.4}{4 Descriptive statistics}{part.3}% 61
\BOOKMARK [1][]{section.4.1}{4.1 Measures of central tendency }{chapter.4}% 62
\BOOKMARK [2][-]{subsection.4.1.1}{4.1.1 The mean}{section.4.1}% 63
\BOOKMARK [2][-]{subsection.4.1.2}{4.1.2 Calculating the mean in JASP}{section.4.1}% 64
\BOOKMARK [2][-]{subsection.4.1.3}{4.1.3 The median}{section.4.1}% 65
\BOOKMARK [2][-]{subsection.4.1.4}{4.1.4 Mean or median? What's the difference?}{section.4.1}% 66
\BOOKMARK [2][-]{subsection.4.1.5}{4.1.5 A real life example }{section.4.1}% 67
\BOOKMARK [2][-]{subsection.4.1.6}{4.1.6 Mode}{section.4.1}% 68
\BOOKMARK [1][]{section.4.2}{4.2 Measures of variability}{chapter.4}% 69
\BOOKMARK [2][-]{subsection.4.2.1}{4.2.1 Range}{section.4.2}% 70
\BOOKMARK [2][-]{subsection.4.2.2}{4.2.2 Interquartile range}{section.4.2}% 71
\BOOKMARK [2][-]{subsection.4.2.3}{4.2.3 Mean absolute deviation }{section.4.2}% 72
\BOOKMARK [2][-]{subsection.4.2.4}{4.2.4 Variance}{section.4.2}% 73
\BOOKMARK [2][-]{subsection.4.2.5}{4.2.5 Standard deviation}{section.4.2}% 74
\BOOKMARK [2][-]{subsection.4.2.6}{4.2.6 Which measure to use?}{section.4.2}% 75
\BOOKMARK [1][]{section.4.3}{4.3 Skew and kurtosis }{chapter.4}% 76
\BOOKMARK [1][]{section.4.4}{4.4 Descriptive statistics separately for each group }{chapter.4}% 77
\BOOKMARK [1][]{section.4.5}{4.5 Standard scores }{chapter.4}% 78
\BOOKMARK [1][]{section.4.6}{4.6 Summary}{chapter.4}% 79
\BOOKMARK [2][-]{subsection.4.6.1}{4.6.1 Epilogue: Good descriptive statistics are descriptive!}{section.4.6}% 80
\BOOKMARK [0][]{chapter.5}{5 Drawing graphs}{part.3}% 81
\BOOKMARK [1][]{section.5.1}{5.1 Histograms}{chapter.5}% 82
\BOOKMARK [1][]{section.5.2}{5.2 Boxplots }{chapter.5}% 83
\BOOKMARK [2][-]{subsection.5.2.1}{5.2.1 Violin plots }{section.5.2}% 84
\BOOKMARK [2][-]{subsection.5.2.2}{5.2.2 Drawing multiple boxplots }{section.5.2}% 85
\BOOKMARK [1][]{section.5.3}{5.3 Saving image files using JASP }{chapter.5}% 86
\BOOKMARK [1][]{section.5.4}{5.4 Summary}{chapter.5}% 87
\BOOKMARK [-1][]{part.4}{IV Statistical theory}{}% 88
\BOOKMARK [0][]{chapter.6}{6 Introduction to probability}{part.4}% 89
\BOOKMARK [1][]{section.6.1}{6.1 How are probability and statistics different? }{chapter.6}% 90
\BOOKMARK [1][]{section.6.2}{6.2 What does probability mean?}{chapter.6}% 91
\BOOKMARK [2][-]{subsection.6.2.1}{6.2.1 The frequentist view}{section.6.2}% 92
\BOOKMARK [2][-]{subsection.6.2.2}{6.2.2 The Bayesian view}{section.6.2}% 93
\BOOKMARK [2][-]{subsection.6.2.3}{6.2.3 What's the difference? And who is right?}{section.6.2}% 94
\BOOKMARK [1][]{section.6.3}{6.3 Basic probability theory }{chapter.6}% 95
\BOOKMARK [2][-]{subsection.6.3.1}{6.3.1 Introducing probability distributions}{section.6.3}% 96
\BOOKMARK [1][]{section.6.4}{6.4 The binomial distribution}{chapter.6}% 97
\BOOKMARK [2][-]{subsection.6.4.1}{6.4.1 Introducing the binomial}{section.6.4}% 98
\BOOKMARK [1][]{section.6.5}{6.5 The normal distribution}{chapter.6}% 99
\BOOKMARK [2][-]{subsection.6.5.1}{6.5.1 Probability density \040}{section.6.5}% 100
\BOOKMARK [1][]{section.6.6}{6.6 Other useful distributions }{chapter.6}% 101
\BOOKMARK [1][]{section.6.7}{6.7 Summary}{chapter.6}% 102
\BOOKMARK [0][]{chapter.7}{7 Estimating unknown quantities from a sample}{part.4}% 103
\BOOKMARK [1][]{section.7.1}{7.1 Samples, populations and sampling }{chapter.7}% 104
\BOOKMARK [2][-]{subsection.7.1.1}{7.1.1 Defining a population }{section.7.1}% 105
\BOOKMARK [2][-]{subsection.7.1.2}{7.1.2 Simple random samples}{section.7.1}% 106
\BOOKMARK [2][-]{subsection.7.1.3}{7.1.3 Most samples are not simple random samples}{section.7.1}% 107
\BOOKMARK [2][-]{subsection.7.1.4}{7.1.4 How much does it matter if you don't have a simple random sample?}{section.7.1}% 108
\BOOKMARK [2][-]{subsection.7.1.5}{7.1.5 Population parameters and sample statistics}{section.7.1}% 109
\BOOKMARK [1][]{section.7.2}{7.2 The law of large numbers }{chapter.7}% 110
\BOOKMARK [1][]{section.7.3}{7.3 Sampling distributions and the central limit theorem }{chapter.7}% 111
\BOOKMARK [2][-]{subsection.7.3.1}{7.3.1 Sampling distribution of the mean }{section.7.3}% 112
\BOOKMARK [2][-]{subsection.7.3.2}{7.3.2 Sampling distributions exist for any sample statistic!}{section.7.3}% 113
\BOOKMARK [2][-]{subsection.7.3.3}{7.3.3 The central limit theorem }{section.7.3}% 114
\BOOKMARK [1][]{section.7.4}{7.4 Estimating population parameters }{chapter.7}% 115
\BOOKMARK [2][-]{subsection.7.4.1}{7.4.1 Estimating the population mean}{section.7.4}% 116
\BOOKMARK [2][-]{subsection.7.4.2}{7.4.2 Estimating the population standard deviation}{section.7.4}% 117
\BOOKMARK [1][]{section.7.5}{7.5 Estimating a confidence interval}{chapter.7}% 118
\BOOKMARK [2][-]{subsection.7.5.1}{7.5.1 A slight mistake in the formula}{section.7.5}% 119
\BOOKMARK [2][-]{subsection.7.5.2}{7.5.2 Interpreting a confidence interval}{section.7.5}% 120
\BOOKMARK [2][-]{subsection.7.5.3}{7.5.3 Calculating confidence intervals in jamovi}{section.7.5}% 121
\BOOKMARK [1][]{section.7.6}{7.6 Summary}{chapter.7}% 122
\BOOKMARK [0][]{chapter.8}{8 References}{part.4}% 123
